<?xml version="1.0" encoding="UTF-8"?>
<testng-results ignored="0" total="2" passed="2" failed="0" skipped="0">
  <reporter-output>
  </reporter-output>
  <suite started-at="2023-04-15T12:33:08 CST" name="Default suite" finished-at="2023-04-15T12:33:27 CST" duration-ms="19212">
    <groups>
    </groups>
    <test started-at="2023-04-15T12:33:08 CST" name="Default test" finished-at="2023-04-15T12:33:27 CST" duration-ms="19212">
      <class name="com.demo.tests.LoginTest">
        <test-method is-config="true" signature="setUp()[pri:0, instance:com.demo.tests.LoginTest@4efc180e]" started-at="2023-04-15T12:33:08 CST" name="setUp" finished-at="2023-04-15T12:33:17 CST" duration-ms="9128" status="PASS">
          <reporter-output>
          </reporter-output>
        </test-method> <!-- setUp -->
        <test-method signature="verifyLogoImgTest()[pri:1, instance:com.demo.tests.LoginTest@4efc180e]" started-at="2023-04-15T12:33:17 CST" name="verifyLogoImgTest" finished-at="2023-04-15T12:33:17 CST" duration-ms="46" status="PASS">
          <reporter-output>
          </reporter-output>
        </test-method> <!-- verifyLogoImgTest -->
        <test-method is-config="true" signature="tearDown()[pri:0, instance:com.demo.tests.LoginTest@4efc180e]" started-at="2023-04-15T12:33:17 CST" name="tearDown" finished-at="2023-04-15T12:33:17 CST" duration-ms="333" status="PASS">
          <reporter-output>
          </reporter-output>
        </test-method> <!-- tearDown -->
        <test-method is-config="true" signature="setUp()[pri:0, instance:com.demo.tests.LoginTest@4efc180e]" started-at="2023-04-15T12:33:17 CST" name="setUp" finished-at="2023-04-15T12:33:25 CST" duration-ms="8057" status="PASS">
          <reporter-output>
          </reporter-output>
        </test-method> <!-- setUp -->
        <test-method signature="verifyLoginTest()[pri:2, instance:com.demo.tests.LoginTest@4efc180e]" started-at="2023-04-15T12:33:25 CST" name="verifyLoginTest" finished-at="2023-04-15T12:33:27 CST" duration-ms="1342" status="PASS">
          <reporter-output>
          </reporter-output>
        </test-method> <!-- verifyLoginTest -->
        <test-method is-config="true" signature="tearDown()[pri:0, instance:com.demo.tests.LoginTest@4efc180e]" started-at="2023-04-15T12:33:27 CST" name="tearDown" finished-at="2023-04-15T12:33:27 CST" duration-ms="258" status="PASS">
          <reporter-output>
          </reporter-output>
        </test-method> <!-- tearDown -->
      </class> <!-- com.demo.tests.LoginTest -->
    </test> <!-- Default test -->
  </suite> <!-- Default suite -->
</testng-results>
